0 info it worked if it ends with ok
1 verbose cli [ 'node', '/usr/local/bin/npm', 'install', '-g', 'yargs' ]
2 info using npm@1.4.28
3 info using node@v0.10.32
4 verbose cache add [ 'yargs', null ]
5 verbose cache add name=undefined spec="yargs" args=["yargs",null]
6 verbose parsed url { protocol: null,
6 verbose parsed url   slashes: null,
6 verbose parsed url   auth: null,
6 verbose parsed url   host: null,
6 verbose parsed url   port: null,
6 verbose parsed url   hostname: null,
6 verbose parsed url   hash: null,
6 verbose parsed url   search: null,
6 verbose parsed url   query: null,
6 verbose parsed url   pathname: 'yargs',
6 verbose parsed url   path: 'yargs',
6 verbose parsed url   href: 'yargs' }
7 silly lockFile 988f2857-yargs yargs
8 verbose lock yargs /Users/pmav/.npm/988f2857-yargs.lock
9 silly lockFile 988f2857-yargs yargs
10 silly lockFile 988f2857-yargs yargs
11 verbose addNamed [ 'yargs', '' ]
12 verbose addNamed [ null, '*' ]
13 silly lockFile d4524018-yargs yargs@
14 verbose lock yargs@ /Users/pmav/.npm/d4524018-yargs.lock
15 silly addNameRange { name: 'yargs', range: '*', hasData: false }
16 verbose request where is /yargs
17 verbose request registry https://registry.npmjs.org/
18 verbose request id e5d78183e8630ba9
19 verbose url raw /yargs
20 verbose url resolving [ 'https://registry.npmjs.org/', './yargs' ]
21 verbose url resolved https://registry.npmjs.org/yargs
22 verbose request where is https://registry.npmjs.org/yargs
23 info trying registry request attempt 1 at 22:57:07
24 http GET https://registry.npmjs.org/yargs
25 http 200 https://registry.npmjs.org/yargs
26 silly registry.get cb [ 200,
26 silly registry.get   { date: 'Sun, 01 Feb 2015 22:57:07 GMT',
26 silly registry.get     server: 'CouchDB/1.5.0 (Erlang OTP/R16B03)',
26 silly registry.get     etag: '"6MCYKVWFGJMFY8SRZOX20AI2U"',
26 silly registry.get     'content-type': 'application/json',
26 silly registry.get     'cache-control': 'max-age=60',
26 silly registry.get     'content-length': '52956',
26 silly registry.get     'accept-ranges': 'bytes',
26 silly registry.get     via: '1.1 varnish',
26 silly registry.get     age: '5',
26 silly registry.get     'x-served-by': 'cache-lhr6332-LHR',
26 silly registry.get     'x-cache': 'HIT',
26 silly registry.get     'x-cache-hits': '1',
26 silly registry.get     'x-timer': 'S1422831427.910467,VS0,VE1',
26 silly registry.get     vary: 'Accept',
26 silly registry.get     'keep-alive': 'timeout=10, max=50',
26 silly registry.get     connection: 'Keep-Alive' } ]
27 silly addNameRange number 2 { name: 'yargs', range: '*', hasData: true }
28 silly addNameRange versions [ 'yargs',
28 silly addNameRange   [ '1.0.0',
28 silly addNameRange     '1.0.1',
28 silly addNameRange     '1.0.3',
28 silly addNameRange     '1.0.4',
28 silly addNameRange     '1.0.5',
28 silly addNameRange     '1.0.6',
28 silly addNameRange     '1.0.7',
28 silly addNameRange     '1.0.8',
28 silly addNameRange     '1.0.9',
28 silly addNameRange     '1.0.10',
28 silly addNameRange     '1.0.11',
28 silly addNameRange     '1.0.12',
28 silly addNameRange     '1.0.13',
28 silly addNameRange     '1.0.15',
28 silly addNameRange     '1.1.0',
28 silly addNameRange     '1.1.1',
28 silly addNameRange     '1.1.2',
28 silly addNameRange     '1.1.3',
28 silly addNameRange     '1.2.0',
28 silly addNameRange     '1.2.1',
28 silly addNameRange     '1.2.2',
28 silly addNameRange     '1.2.3',
28 silly addNameRange     '1.2.4',
28 silly addNameRange     '1.2.5',
28 silly addNameRange     '1.2.6',
28 silly addNameRange     '1.3.0',
28 silly addNameRange     '1.3.1',
28 silly addNameRange     '1.3.2',
28 silly addNameRange     '1.3.3' ] ]
29 verbose addNamed [ 'yargs', '1.3.3' ]
30 verbose addNamed [ '1.3.3', '1.3.3' ]
31 silly lockFile 1620a509-yargs-1-3-3 yargs@1.3.3
32 verbose lock yargs@1.3.3 /Users/pmav/.npm/1620a509-yargs-1-3-3.lock
33 silly lockFile 1887529c--npmjs-org-yargs-yargs-1-3-3-tgz https://registry.npmjs.org/yargs/-/yargs-1.3.3.tgz
34 verbose lock https://registry.npmjs.org/yargs/-/yargs-1.3.3.tgz /Users/pmav/.npm/1887529c--npmjs-org-yargs-yargs-1-3-3-tgz.lock
35 verbose addRemoteTarball [ 'https://registry.npmjs.org/yargs/-/yargs-1.3.3.tgz',
35 verbose addRemoteTarball   '054de8b61f22eefdb7207059eaef9d6b83fb931a' ]
36 info retry fetch attempt 1 at 22:57:08
37 verbose fetch to= /var/folders/0h/9wj296mj7476nzxxjch1bqkc0000gn/T/npm-1908-xmNAXXW8/registry.npmjs.org/yargs/-/yargs-1.3.3.tgz
38 http GET https://registry.npmjs.org/yargs/-/yargs-1.3.3.tgz
39 http 200 https://registry.npmjs.org/yargs/-/yargs-1.3.3.tgz
40 silly lockFile 1887529c--npmjs-org-yargs-yargs-1-3-3-tgz https://registry.npmjs.org/yargs/-/yargs-1.3.3.tgz
41 silly lockFile 1887529c--npmjs-org-yargs-yargs-1-3-3-tgz https://registry.npmjs.org/yargs/-/yargs-1.3.3.tgz
42 silly lockFile 1620a509-yargs-1-3-3 yargs@1.3.3
43 silly lockFile 1620a509-yargs-1-3-3 yargs@1.3.3
44 silly lockFile d4524018-yargs yargs@
45 silly lockFile d4524018-yargs yargs@
46 silly resolved [ { name: 'yargs',
46 silly resolved     version: '1.3.3',
46 silly resolved     description: 'Light-weight option parsing with an argv hash. No optstrings attached.',
46 silly resolved     main: './index.js',
46 silly resolved     dependencies: {},
46 silly resolved     devDependencies: { hashish: '*', mocha: '*', chai: '*' },
46 silly resolved     scripts: { test: 'mocha -R nyan' },
46 silly resolved     repository: { type: 'git', url: 'http://github.com/chevex/yargs.git' },
46 silly resolved     keywords:
46 silly resolved      [ 'argument',
46 silly resolved        'args',
46 silly resolved        'option',
46 silly resolved        'parser',
46 silly resolved        'parsing',
46 silly resolved        'cli',
46 silly resolved        'command' ],
46 silly resolved     author:
46 silly resolved      { name: 'Alex Ford',
46 silly resolved        email: 'Alex.Ford@CodeTunnel.com',
46 silly resolved        url: 'http://CodeTunnel.com' },
46 silly resolved     contributors: [ [Object], [Object], [Object] ],
46 silly resolved     license: 'MIT/X11',
46 silly resolved     engine: { node: '>=0.4' },
46 silly resolved     gitHead: 'e6807327c06dd6a311c63e124ff6a50e38b23804',
46 silly resolved     bugs: { url: 'https://github.com/chevex/yargs/issues' },
46 silly resolved     homepage: 'https://github.com/chevex/yargs',
46 silly resolved     _id: 'yargs@1.3.3',
46 silly resolved     _shasum: '054de8b61f22eefdb7207059eaef9d6b83fb931a',
46 silly resolved     _from: 'yargs@',
46 silly resolved     _npmVersion: '2.1.7',
46 silly resolved     _nodeVersion: '0.10.33',
46 silly resolved     _npmUser: { name: 'chevex', email: 'alex.ford@codetunnel.com' },
46 silly resolved     maintainers: [ [Object] ],
46 silly resolved     dist:
46 silly resolved      { shasum: '054de8b61f22eefdb7207059eaef9d6b83fb931a',
46 silly resolved        tarball: 'http://registry.npmjs.org/yargs/-/yargs-1.3.3.tgz' },
46 silly resolved     directories: {},
46 silly resolved     _resolved: 'https://registry.npmjs.org/yargs/-/yargs-1.3.3.tgz' } ]
47 info install yargs@1.3.3 into /usr/local/lib
48 info installOne yargs@1.3.3
49 verbose lib/node_modules/yargs unbuild
50 verbose tar unpack /Users/pmav/.npm/yargs/1.3.3/package.tgz
51 silly lockFile bd8d7b80-usr-local-lib-node-modules-yargs tar:///usr/local/lib/node_modules/yargs
52 verbose lock tar:///usr/local/lib/node_modules/yargs /Users/pmav/.npm/bd8d7b80-usr-local-lib-node-modules-yargs.lock
53 silly lockFile 62c4a146-pmav-npm-yargs-1-3-3-package-tgz tar:///Users/pmav/.npm/yargs/1.3.3/package.tgz
54 verbose lock tar:///Users/pmav/.npm/yargs/1.3.3/package.tgz /Users/pmav/.npm/62c4a146-pmav-npm-yargs-1-3-3-package-tgz.lock
55 silly gunzTarPerm modes [ '755', '644' ]
56 error Error: EACCES, mkdir '/usr/local/lib/node_modules/yargs'
56 error  { [Error: EACCES, mkdir '/usr/local/lib/node_modules/yargs']
56 error   errno: 3,
56 error   code: 'EACCES',
56 error   path: '/usr/local/lib/node_modules/yargs',
56 error   fstream_type: 'Directory',
56 error   fstream_path: '/usr/local/lib/node_modules/yargs',
56 error   fstream_class: 'DirWriter',
56 error   fstream_stack:
56 error    [ '/usr/local/lib/node_modules/npm/node_modules/fstream/lib/dir-writer.js:36:23',
56 error      '/usr/local/lib/node_modules/npm/node_modules/mkdirp/index.js:46:53',
56 error      'Object.oncomplete (fs.js:107:15)' ] }
57 error Please try running this command again as root/Administrator.
58 error System Darwin 14.1.0
59 error command "node" "/usr/local/bin/npm" "install" "-g" "yargs"
60 error cwd /Users/pmav/Desktop/echomail
61 error node -v v0.10.32
62 error npm -v 1.4.28
63 error path /usr/local/lib/node_modules/yargs
64 error fstream_path /usr/local/lib/node_modules/yargs
65 error fstream_type Directory
66 error fstream_class DirWriter
67 error code EACCES
68 error errno 3
69 error stack Error: EACCES, mkdir '/usr/local/lib/node_modules/yargs'
70 error fstream_stack /usr/local/lib/node_modules/npm/node_modules/fstream/lib/dir-writer.js:36:23
70 error fstream_stack /usr/local/lib/node_modules/npm/node_modules/mkdirp/index.js:46:53
70 error fstream_stack Object.oncomplete (fs.js:107:15)
71 verbose exit [ 3, true ]
